<?xml version="1.0" encoding="utf-8"?><testsuites name="pytest tests"><testsuite name="pytest" errors="0" failures="1" skipped="0" tests="45" time="25.376" timestamp="2026-03-11T16:15:19.607138+05:30" hostname="LAPTOP-VKRI8V8U"><testcase classname="backend.tests.test_ai_gateway_errors" name="test_ai_gateway_handles_503_gracefully" time="0.004" /><testcase classname="backend.tests.test_ai_queue.AIQueueTests" name="test_cancel_retry_and_dead_letter_controls" time="0.028" /><testcase classname="backend.tests.test_ai_queue.AIQueueTests" name="test_claim_next_job_rotates_between_tenants_fairly" time="0.007" /><testcase classname="backend.tests.test_ai_queue.AIQueueTests" name="test_enqueue_job_tracks_priority_and_queue_metrics" time="0.031" /><testcase classname="backend.tests.test_ai_queue.AIQueueTests" name="test_process_job_uses_ai_service_path_for_generation_jobs" time="0.007" /><testcase classname="backend.tests.test_ai_queue.AIQueueTests" name="test_process_job_uses_ai_service_path_for_teacher_assessment_jobs" time="0.007" /><testcase classname="backend.tests.test_ai_queue.AIQueueTests" name="test_queue_metrics_include_dead_letter_and_retry_counts" time="0.009" /><testcase classname="backend.tests.test_auth_security" name="test_login_brute_force_rate_limit" time="22.474" /><testcase classname="backend.tests.test_auth_security" name="test_jwt_none_algorithm_rejection" time="0.007" /><testcase classname="backend.tests.test_auth_security" name="test_student_cannot_access_admin_endpoints" time="0.615" /><testcase classname="backend.tests.test_enterprise_routes.EnterpriseRouteTests" name="test_incident_routes" time="0.079" /><testcase classname="backend.tests.test_enterprise_routes.EnterpriseRouteTests" name="test_sso_settings_and_metadata_routes" time="0.075" /><testcase classname="backend.tests.test_enterprise_routes.EnterpriseRouteTests" name="test_vector_backend_and_compliance_routes" time="0.139" /><testcase classname="backend.tests.test_file_uploads" name="test_admin_onboard_teachers_rejects_empty_csv" time="0.615" /><testcase classname="backend.tests.test_file_uploads" name="test_admin_onboard_teachers_rejects_random_binary" time="0.716" /><testcase classname="backend.tests.test_queue_resiliency" name="test_job_not_claimed_while_paused" time="0.001" /><testcase classname="backend.tests.test_queue_resiliency" name="test_drain_queue_moves_to_dead_letter" time="0.003" /><testcase classname="backend.tests.test_runtime_ops" name="test_collect_dependency_status_shapes_response" time="0.001" /><testcase classname="backend.tests.test_runtime_ops" name="test_enforce_startup_dependencies_raises_when_strict" time="0.002"><failure message="AssertionError: expected RuntimeError&#10;assert False">monkeypatch = &lt;_pytest.monkeypatch.MonkeyPatch object at 0x0000028118DC7650&gt;

    def test_enforce_startup_dependencies_raises_when_strict(monkeypatch):
        monkeypatch.setattr(
            startup_checks,
            "_service_checks",
            lambda service_name: {"database": (False, "down")},
        )
        original_enabled = startup_checks.settings.startup_checks.enabled
        original_strict = startup_checks.settings.startup_checks.strict
        startup_checks.settings.startup_checks.enabled = True
        startup_checks.settings.startup_checks.strict = True
    
        try:
            try:
                startup_checks.enforce_startup_dependencies("worker")
&gt;               assert False, "expected RuntimeError"
E               AssertionError: expected RuntimeError
E               assert False

backend\tests\test_runtime_ops.py:42: AssertionError</failure></testcase><testcase classname="backend.tests.test_runtime_ops" name="test_worker_health_endpoints_surface_readiness" time="0.008" /><testcase classname="backend.tests.test_runtime_ops" name="test_worker_ready_returns_503_when_dependencies_fail" time="0.005" /><testcase classname="backend.tests.test_security_regressions.MiddlewareOrderingTests" name="test_tenant_middleware_precedes_rate_limit_middleware" time="0.067" /><testcase classname="backend.tests.test_security_regressions.AuthRouteRegressionTests" name="test_demo_login_blocked_when_debug_disabled" time="0.007" /><testcase classname="backend.tests.test_security_regressions.AuthRouteRegressionTests" name="test_google_login_rejects_unmapped_email_domain" time="0.007" /><testcase classname="backend.tests.test_security_regressions.AuthRouteRegressionTests" name="test_refresh_tokens_accepts_refresh_cookie_when_body_missing" time="0.007" /><testcase classname="backend.tests.test_security_regressions.TeacherScopingRegressionTests" name="test_admin_gets_all_tenant_classes_for_teacher_routes" time="0.001" /><testcase classname="backend.tests.test_security_regressions.TeacherScopingRegressionTests" name="test_teacher_route_scope_guard_blocks_unassigned_class" time="0.001" /><testcase classname="backend.tests.test_security_regressions.TeacherScopingRegressionTests" name="test_teacher_with_no_timetable_assignments_gets_no_class_access" time="0.001" /><testcase classname="backend.tests.test_security_regressions.AdminRouteRegressionTests" name="test_create_parent_link_rejects_missing_parent" time="0.007" /><testcase classname="backend.tests.test_security_regressions.AdminRouteRegressionTests" name="test_create_subject_rejects_class_outside_tenant" time="0.006" /><testcase classname="backend.tests.test_security_regressions.AdminRouteRegressionTests" name="test_create_timetable_slot_rejects_invalid_day" time="0.006" /><testcase classname="backend.tests.test_security_regressions.AdminRouteRegressionTests" name="test_create_webhook_rejects_unsupported_event" time="0.006" /><testcase classname="backend.tests.test_security_regressions.AdminRouteRegressionTests" name="test_update_complaint_rejects_invalid_status" time="0.007" /><testcase classname="backend.tests.test_security_regressions.StudentRouteRegressionTests" name="test_ai_gateway_queries_always_go_through_ai_service_boundary" time="0.010" /><testcase classname="backend.tests.test_security_regressions.StudentRouteRegressionTests" name="test_assignment_submission_model_has_unique_constraint" time="0.007" /><testcase classname="backend.tests.test_security_regressions.StudentRouteRegressionTests" name="test_assignment_submit_create_then_replace_flow" time="0.017" /><testcase classname="backend.tests.test_security_regressions.StudentRouteRegressionTests" name="test_assignment_submit_rejects_invalid_assignment_uuid" time="0.005" /><testcase classname="backend.tests.test_security_regressions.StudentRouteRegressionTests" name="test_results_trends_returns_sorted_subject_and_points" time="0.006" /><testcase classname="backend.tests.test_security_regressions.StudentRouteRegressionTests" name="test_student_upload_returns_failure_when_ingestion_fails" time="0.012" /><testcase classname="backend.tests.test_security_regressions.StudentRouteRegressionTests" name="test_tool_normalizer_rejects_invalid_quiz_payload" time="0.005" /><testcase classname="backend.tests.test_security_regressions.StudentRouteRegressionTests" name="test_tools_generate_parses_structured_output_for_all_modes" time="0.007" /><testcase classname="backend.tests.test_security_regressions.StudentRouteRegressionTests" name="test_tools_generate_retries_once_when_json_is_malformed" time="0.015" /><testcase classname="backend.tests.test_security_regressions.WebhookServiceRegressionTests" name="test_emit_webhook_event_returns_zero_when_no_subscriptions" time="0.007" /><testcase classname="backend.tests.test_security_regressions.ParentRouteRegressionTests" name="test_parent_child_lookup_requires_existing_link" time="0.002" /><testcase classname="backend.tests.test_security_regressions.RateLimitRegressionTests" name="test_rate_limiter_blocks_after_limit_for_same_user" time="0.011" /></testsuite></testsuites>